mode: atomic
github.com/khulnasoft-lab/ebpfgo/ebpfgo_mock/mock_ebpf.go:21.34,26.2 1 1
github.com/khulnasoft-lab/ebpfgo/ebpfgo_mock/mock_ebpf.go:29.49,31.2 1 0
github.com/khulnasoft-lab/ebpfgo/ebpfgo_mock/mock_ebpf.go:34.48,36.2 1 0
github.com/khulnasoft-lab/ebpfgo/ebpfgo_mock/mock_ebpf.go:39.54,41.2 1 0
github.com/khulnasoft-lab/ebpfgo/ebpfgo_mock/mock_ebpf.go:44.62,46.2 1 0
github.com/khulnasoft-lab/ebpfgo/ebpfgo_mock/mock_ebpf.go:49.59,50.36 1 0
github.com/khulnasoft-lab/ebpfgo/ebpfgo_mock/mock_ebpf.go:50.36,52.3 1 0
github.com/khulnasoft-lab/ebpfgo/ebpfgo_mock/mock_ebpf.go:53.2,53.12 1 0
github.com/khulnasoft-lab/ebpfgo/ebpfgo_mock/mock_ebpf.go:57.67,58.40 1 0
github.com/khulnasoft-lab/ebpfgo/ebpfgo_mock/mock_ebpf.go:58.40,60.3 1 0
github.com/khulnasoft-lab/ebpfgo/ebpfgo_mock/mock_ebpf.go:61.2,61.12 1 0
github.com/khulnasoft-lab/ebpfgo/ebpfgo_mock/mock_map.go:362.13,366.77 2 1
github.com/khulnasoft-lab/ebpfgo/ebpfgo_mock/mock_map.go:366.77,369.34 2 2
github.com/khulnasoft-lab/ebpfgo/ebpfgo_mock/mock_map.go:369.34,370.12 1 0
github.com/khulnasoft-lab/ebpfgo/ebpfgo_mock/mock_map.go:372.3,382.23 3 2
github.com/khulnasoft-lab/ebpfgo/ebpfgo_mock/mock_map.go:387.34,388.20 1 10
github.com/khulnasoft-lab/ebpfgo/ebpfgo_mock/mock_map.go:388.20,390.3 1 1
github.com/khulnasoft-lab/ebpfgo/ebpfgo_mock/mock_map.go:391.2,391.22 1 10
github.com/khulnasoft-lab/ebpfgo/ebpfgo_mock/mock_map.go:391.22,393.3 1 1
github.com/khulnasoft-lab/ebpfgo/ebpfgo_mock/mock_map.go:394.2,394.17 1 10
github.com/khulnasoft-lab/ebpfgo/ebpfgo_mock/mock_map.go:394.17,401.18 2 5
github.com/khulnasoft-lab/ebpfgo/ebpfgo_mock/mock_map.go:401.18,403.4 1 0
github.com/khulnasoft-lab/ebpfgo/ebpfgo_mock/mock_map.go:406.2,406.12 1 10
github.com/khulnasoft-lab/ebpfgo/ebpfgo_mock/mock_map.go:410.33,414.2 2 0
github.com/khulnasoft-lab/ebpfgo/ebpfgo_mock/mock_map.go:417.46,422.2 3 2
github.com/khulnasoft-lab/ebpfgo/ebpfgo_mock/mock_map.go:425.35,428.14 2 3
github.com/khulnasoft-lab/ebpfgo/ebpfgo_mock/mock_map.go:428.14,430.3 1 0
github.com/khulnasoft-lab/ebpfgo/ebpfgo_mock/mock_map.go:432.2,432.12 1 3
github.com/khulnasoft-lab/ebpfgo/ebpfgo_mock/mock_map.go:436.60,439.16 2 21
github.com/khulnasoft-lab/ebpfgo/ebpfgo_mock/mock_map.go:439.16,441.3 1 0
github.com/khulnasoft-lab/ebpfgo/ebpfgo_mock/mock_map.go:444.2,450.14 3 21
github.com/khulnasoft-lab/ebpfgo/ebpfgo_mock/mock_map.go:450.14,452.3 1 1
github.com/khulnasoft-lab/ebpfgo/ebpfgo_mock/mock_map.go:454.2,454.17 1 20
github.com/khulnasoft-lab/ebpfgo/ebpfgo_mock/mock_map.go:458.66,460.16 2 4
github.com/khulnasoft-lab/ebpfgo/ebpfgo_mock/mock_map.go:460.16,462.3 1 0
github.com/khulnasoft-lab/ebpfgo/ebpfgo_mock/mock_map.go:464.2,464.54 1 4
github.com/khulnasoft-lab/ebpfgo/ebpfgo_mock/mock_map.go:468.60,472.2 2 15
github.com/khulnasoft-lab/ebpfgo/ebpfgo_mock/mock_map.go:475.66,476.21 1 15
github.com/khulnasoft-lab/ebpfgo/ebpfgo_mock/mock_map.go:476.21,478.3 1 0
github.com/khulnasoft-lab/ebpfgo/ebpfgo_mock/mock_map.go:479.2,480.16 2 15
github.com/khulnasoft-lab/ebpfgo/ebpfgo_mock/mock_map.go:480.16,482.3 1 0
github.com/khulnasoft-lab/ebpfgo/ebpfgo_mock/mock_map.go:484.2,484.58 1 15
github.com/khulnasoft-lab/ebpfgo/ebpfgo_mock/mock_map.go:489.70,492.16 2 15
github.com/khulnasoft-lab/ebpfgo/ebpfgo_mock/mock_map.go:492.16,494.3 1 0
github.com/khulnasoft-lab/ebpfgo/ebpfgo_mock/mock_map.go:496.2,497.16 2 15
github.com/khulnasoft-lab/ebpfgo/ebpfgo_mock/mock_map.go:497.16,499.3 1 0
github.com/khulnasoft-lab/ebpfgo/ebpfgo_mock/mock_map.go:501.2,508.14 2 15
github.com/khulnasoft-lab/ebpfgo/ebpfgo_mock/mock_map.go:508.14,510.3 1 0
github.com/khulnasoft-lab/ebpfgo/ebpfgo_mock/mock_map.go:512.2,512.12 1 15
github.com/khulnasoft-lab/ebpfgo/ebpfgo_mock/mock_map.go:516.70,518.34 1 5
github.com/khulnasoft-lab/ebpfgo/ebpfgo_mock/mock_map.go:518.34,520.17 2 2
github.com/khulnasoft-lab/ebpfgo/ebpfgo_mock/mock_map.go:520.17,522.4 1 1
github.com/khulnasoft-lab/ebpfgo/ebpfgo_mock/mock_map.go:525.2,525.31 1 4
github.com/khulnasoft-lab/ebpfgo/ebpfgo_mock/mock_map.go:529.70,531.2 1 2
github.com/khulnasoft-lab/ebpfgo/ebpfgo_mock/mock_map.go:535.50,538.16 2 5
github.com/khulnasoft-lab/ebpfgo/ebpfgo_mock/mock_map.go:538.16,540.3 1 0
github.com/khulnasoft-lab/ebpfgo/ebpfgo_mock/mock_map.go:542.2,547.14 2 5
github.com/khulnasoft-lab/ebpfgo/ebpfgo_mock/mock_map.go:547.14,549.3 1 2
github.com/khulnasoft-lab/ebpfgo/ebpfgo_mock/mock_map.go:551.2,551.12 1 3
github.com/khulnasoft-lab/ebpfgo/ebpfgo_mock/mock_map.go:555.64,558.16 2 10
github.com/khulnasoft-lab/ebpfgo/ebpfgo_mock/mock_map.go:558.16,560.3 1 0
github.com/khulnasoft-lab/ebpfgo/ebpfgo_mock/mock_map.go:562.2,563.16 2 10
github.com/khulnasoft-lab/ebpfgo/ebpfgo_mock/mock_map.go:563.16,565.3 1 8
github.com/khulnasoft-lab/ebpfgo/ebpfgo_mock/mock_map.go:567.2,573.14 3 10
github.com/khulnasoft-lab/ebpfgo/ebpfgo_mock/mock_map.go:573.14,575.3 1 2
github.com/khulnasoft-lab/ebpfgo/ebpfgo_mock/mock_map.go:577.2,577.21 1 8
github.com/khulnasoft-lab/ebpfgo/ebpfgo_mock/mock_map.go:580.70,582.16 2 5
github.com/khulnasoft-lab/ebpfgo/ebpfgo_mock/mock_map.go:582.16,584.3 1 1
github.com/khulnasoft-lab/ebpfgo/ebpfgo_mock/mock_map.go:585.2,585.58 1 4
github.com/khulnasoft-lab/ebpfgo/ebpfgo_mock/mock_map.go:588.64,591.2 2 5
github.com/khulnasoft-lab/ebpfgo/ebpfgo_mock/mock_map.go:593.70,594.19 1 5
github.com/khulnasoft-lab/ebpfgo/ebpfgo_mock/mock_map.go:594.19,596.3 1 0
github.com/khulnasoft-lab/ebpfgo/ebpfgo_mock/mock_map.go:597.2,598.16 2 5
github.com/khulnasoft-lab/ebpfgo/ebpfgo_mock/mock_map.go:598.16,600.3 1 1
github.com/khulnasoft-lab/ebpfgo/ebpfgo_mock/mock_map.go:601.2,601.62 1 4
github.com/khulnasoft-lab/ebpfgo/ebpfgo_mock/mock_map.go:605.31,607.2 1 3
github.com/khulnasoft-lab/ebpfgo/ebpfgo_mock/mock_map.go:610.36,612.2 1 0
github.com/khulnasoft-lab/ebpfgo/ebpfgo_mock/mock_map.go:615.44,617.2 1 0
github.com/khulnasoft-lab/ebpfgo/ebpfgo_mock/mock_map.go:621.27,622.29 1 0
github.com/khulnasoft-lab/ebpfgo/ebpfgo_mock/mock_map.go:622.29,626.3 3 0
github.com/khulnasoft-lab/ebpfgo/ebpfgo_mock/mock_prog.go:19.70,24.2 1 1
github.com/khulnasoft-lab/ebpfgo/ebpfgo_mock/mock_prog.go:27.36,30.2 2 0
github.com/khulnasoft-lab/ebpfgo/ebpfgo_mock/mock_prog.go:33.37,36.2 2 0
github.com/khulnasoft-lab/ebpfgo/ebpfgo_mock/mock_prog.go:39.54,42.2 2 0
github.com/khulnasoft-lab/ebpfgo/ebpfgo_mock/mock_prog.go:45.38,48.2 2 0
github.com/khulnasoft-lab/ebpfgo/ebpfgo_mock/mock_prog.go:51.46,53.2 1 0
github.com/khulnasoft-lab/ebpfgo/ebpfgo_mock/mock_prog.go:56.35,58.2 1 0
github.com/khulnasoft-lab/ebpfgo/ebpfgo_mock/mock_prog.go:61.52,63.2 1 0
github.com/khulnasoft-lab/ebpfgo/ebpfgo_mock/mock_prog.go:66.43,68.2 1 0
github.com/khulnasoft-lab/ebpfgo/ebpfgo_mock/mock_prog.go:71.40,73.2 1 0
github.com/khulnasoft-lab/ebpfgo/ebpfgo_mock/mock_prog.go:76.43,78.2 1 0
github.com/khulnasoft-lab/ebpfgo/ebpfgo_mock/mock_prog.go:81.37,83.2 1 0
