mode: atomic
github.com/khulnasoft-lab/ebpfgo/ebpf.go:92.36,97.2 1 0
github.com/khulnasoft-lab/ebpfgo/ebpf.go:100.47,102.2 1 0
github.com/khulnasoft-lab/ebpfgo/ebpf.go:105.55,107.2 1 0
github.com/khulnasoft-lab/ebpfgo/ebpf.go:110.52,111.36 1 0
github.com/khulnasoft-lab/ebpfgo/ebpf.go:111.36,113.3 1 0
github.com/khulnasoft-lab/ebpfgo/ebpf.go:114.2,114.12 1 0
github.com/khulnasoft-lab/ebpfgo/ebpf.go:118.60,119.40 1 0
github.com/khulnasoft-lab/ebpfgo/ebpf.go:119.40,121.3 1 0
github.com/khulnasoft-lab/ebpfgo/ebpf.go:122.2,122.12 1 0
github.com/khulnasoft-lab/ebpfgo/loader.go:61.50,62.35 1 1
github.com/khulnasoft-lab/ebpfgo/loader.go:62.35,64.3 1 0
github.com/khulnasoft-lab/ebpfgo/loader.go:66.2,72.12 6 1
github.com/khulnasoft-lab/ebpfgo/loader.go:76.40,84.2 6 2
github.com/khulnasoft-lab/ebpfgo/loader.go:92.89,94.16 2 0
github.com/khulnasoft-lab/ebpfgo/loader.go:94.16,96.3 1 0
github.com/khulnasoft-lab/ebpfgo/loader.go:98.2,99.16 2 0
github.com/khulnasoft-lab/ebpfgo/loader.go:99.16,101.3 1 0
github.com/khulnasoft-lab/ebpfgo/loader.go:104.2,107.6 3 0
github.com/khulnasoft-lab/ebpfgo/loader.go:107.6,111.24 3 0
github.com/khulnasoft-lab/ebpfgo/loader.go:112.23,121.25 4 0
github.com/khulnasoft-lab/ebpfgo/loader.go:122.23,126.25 4 0
github.com/khulnasoft-lab/ebpfgo/loader.go:127.11,128.64 1 0
github.com/khulnasoft-lab/ebpfgo/loader.go:131.3,131.20 1 0
github.com/khulnasoft-lab/ebpfgo/loader.go:131.20,134.4 1 0
github.com/khulnasoft-lab/ebpfgo/loader.go:135.3,135.17 1 0
github.com/khulnasoft-lab/ebpfgo/loader.go:135.17,137.4 1 0
github.com/khulnasoft-lab/ebpfgo/loader.go:139.3,139.34 1 0
github.com/khulnasoft-lab/ebpfgo/loader.go:139.34,142.4 1 0
github.com/khulnasoft-lab/ebpfgo/loader.go:143.3,146.5 1 0
github.com/khulnasoft-lab/ebpfgo/loader.go:150.67,153.16 2 0
github.com/khulnasoft-lab/ebpfgo/loader.go:153.16,155.3 1 0
github.com/khulnasoft-lab/ebpfgo/loader.go:158.2,160.47 3 0
github.com/khulnasoft-lab/ebpfgo/loader.go:160.47,161.37 1 0
github.com/khulnasoft-lab/ebpfgo/loader.go:161.37,164.4 2 0
github.com/khulnasoft-lab/ebpfgo/loader.go:166.2,166.23 1 0
github.com/khulnasoft-lab/ebpfgo/loader.go:166.23,169.3 1 0
github.com/khulnasoft-lab/ebpfgo/loader.go:172.2,174.16 3 0
github.com/khulnasoft-lab/ebpfgo/loader.go:174.16,176.3 1 0
github.com/khulnasoft-lab/ebpfgo/loader.go:177.2,177.67 1 0
github.com/khulnasoft-lab/ebpfgo/loader.go:177.67,179.17 2 0
github.com/khulnasoft-lab/ebpfgo/loader.go:179.17,181.4 1 0
github.com/khulnasoft-lab/ebpfgo/loader.go:185.3,185.31 1 0
github.com/khulnasoft-lab/ebpfgo/loader.go:185.31,186.71 1 0
github.com/khulnasoft-lab/ebpfgo/loader.go:186.71,188.10 2 0
github.com/khulnasoft-lab/ebpfgo/loader.go:191.3,191.19 1 0
github.com/khulnasoft-lab/ebpfgo/loader.go:191.19,193.4 1 0
github.com/khulnasoft-lab/ebpfgo/loader.go:194.3,194.39 1 0
github.com/khulnasoft-lab/ebpfgo/loader.go:211.2,211.47 1 0
github.com/khulnasoft-lab/ebpfgo/loader.go:211.47,213.82 1 0
github.com/khulnasoft-lab/ebpfgo/loader.go:213.82,214.12 1 0
github.com/khulnasoft-lab/ebpfgo/loader.go:216.3,217.17 2 0
github.com/khulnasoft-lab/ebpfgo/loader.go:217.17,219.4 1 0
github.com/khulnasoft-lab/ebpfgo/loader.go:221.3,221.36 1 0
github.com/khulnasoft-lab/ebpfgo/loader.go:221.36,225.36 3 0
github.com/khulnasoft-lab/ebpfgo/loader.go:225.36,227.5 1 0
github.com/khulnasoft-lab/ebpfgo/loader.go:228.4,228.48 1 0
github.com/khulnasoft-lab/ebpfgo/loader.go:228.48,233.5 1 0
github.com/khulnasoft-lab/ebpfgo/loader.go:233.10,233.57 1 0
github.com/khulnasoft-lab/ebpfgo/loader.go:233.57,240.19 3 0
github.com/khulnasoft-lab/ebpfgo/loader.go:240.19,242.6 1 0
github.com/khulnasoft-lab/ebpfgo/loader.go:246.5,247.45 2 0
github.com/khulnasoft-lab/ebpfgo/loader.go:247.45,249.6 1 0
github.com/khulnasoft-lab/ebpfgo/loader.go:250.5,251.21 1 0
github.com/khulnasoft-lab/ebpfgo/loader.go:252.10,254.5 1 0
github.com/khulnasoft-lab/ebpfgo/loader.go:259.2,260.35 2 0
github.com/khulnasoft-lab/ebpfgo/loader.go:260.35,262.30 1 0
github.com/khulnasoft-lab/ebpfgo/loader.go:262.30,263.53 1 0
github.com/khulnasoft-lab/ebpfgo/loader.go:263.53,265.5 1 0
github.com/khulnasoft-lab/ebpfgo/loader.go:265.10,267.5 1 0
github.com/khulnasoft-lab/ebpfgo/loader.go:270.3,271.17 2 0
github.com/khulnasoft-lab/ebpfgo/loader.go:271.17,273.4 1 0
github.com/khulnasoft-lab/ebpfgo/loader.go:274.3,274.27 1 0
github.com/khulnasoft-lab/ebpfgo/loader.go:276.2,276.20 1 0
github.com/khulnasoft-lab/ebpfgo/loader.go:279.87,282.16 2 0
github.com/khulnasoft-lab/ebpfgo/loader.go:282.16,284.3 1 0
github.com/khulnasoft-lab/ebpfgo/loader.go:287.2,288.43 2 0
github.com/khulnasoft-lab/ebpfgo/loader.go:288.43,289.41 1 0
github.com/khulnasoft-lab/ebpfgo/loader.go:289.41,291.18 2 0
github.com/khulnasoft-lab/ebpfgo/loader.go:291.18,293.5 1 0
github.com/khulnasoft-lab/ebpfgo/loader.go:294.4,295.9 2 0
github.com/khulnasoft-lab/ebpfgo/loader.go:300.2,301.54 2 0
github.com/khulnasoft-lab/ebpfgo/loader.go:301.54,304.39 1 0
github.com/khulnasoft-lab/ebpfgo/loader.go:304.39,305.12 1 0
github.com/khulnasoft-lab/ebpfgo/loader.go:309.3,313.10 3 0
github.com/khulnasoft-lab/ebpfgo/loader.go:313.10,314.12 1 0
github.com/khulnasoft-lab/ebpfgo/loader.go:318.3,319.17 2 0
github.com/khulnasoft-lab/ebpfgo/loader.go:319.17,321.4 1 0
github.com/khulnasoft-lab/ebpfgo/loader.go:324.3,324.48 1 0
github.com/khulnasoft-lab/ebpfgo/loader.go:324.48,326.80 1 0
github.com/khulnasoft-lab/ebpfgo/loader.go:326.80,327.13 1 0
github.com/khulnasoft-lab/ebpfgo/loader.go:329.4,330.18 2 0
github.com/khulnasoft-lab/ebpfgo/loader.go:330.18,332.5 1 0
github.com/khulnasoft-lab/ebpfgo/loader.go:334.4,334.43 1 0
github.com/khulnasoft-lab/ebpfgo/loader.go:334.43,336.43 1 0
github.com/khulnasoft-lab/ebpfgo/loader.go:336.43,338.6 1 0
github.com/khulnasoft-lab/ebpfgo/loader.go:340.5,342.19 3 0
github.com/khulnasoft-lab/ebpfgo/loader.go:342.19,344.6 1 0
github.com/khulnasoft-lab/ebpfgo/loader.go:346.5,346.65 1 0
github.com/khulnasoft-lab/ebpfgo/loader.go:346.65,349.6 1 0
github.com/khulnasoft-lab/ebpfgo/loader.go:351.5,352.40 2 0
github.com/khulnasoft-lab/ebpfgo/loader.go:352.40,356.6 3 0
github.com/khulnasoft-lab/ebpfgo/loader.go:356.11,358.6 1 0
github.com/khulnasoft-lab/ebpfgo/loader.go:365.3,367.34 3 0
github.com/khulnasoft-lab/ebpfgo/loader.go:367.34,368.89 1 0
github.com/khulnasoft-lab/ebpfgo/loader.go:368.89,372.5 3 0
github.com/khulnasoft-lab/ebpfgo/loader.go:377.3,379.43 3 0
github.com/khulnasoft-lab/ebpfgo/loader.go:379.43,390.4 4 0
github.com/khulnasoft-lab/ebpfgo/loader.go:393.2,393.20 1 0
github.com/khulnasoft-lab/ebpfgo/loader.go:397.49,399.16 2 0
github.com/khulnasoft-lab/ebpfgo/loader.go:399.16,401.3 1 0
github.com/khulnasoft-lab/ebpfgo/loader.go:402.2,404.18 2 0
github.com/khulnasoft-lab/ebpfgo/loader.go:408.48,411.16 2 0
github.com/khulnasoft-lab/ebpfgo/loader.go:411.16,413.3 1 0
github.com/khulnasoft-lab/ebpfgo/loader.go:416.2,417.16 2 0
github.com/khulnasoft-lab/ebpfgo/loader.go:417.16,419.3 1 0
github.com/khulnasoft-lab/ebpfgo/loader.go:422.2,423.16 2 0
github.com/khulnasoft-lab/ebpfgo/loader.go:423.16,425.3 1 0
github.com/khulnasoft-lab/ebpfgo/loader.go:427.2,427.12 1 0
github.com/khulnasoft-lab/ebpfgo/map.go:193.34,194.11 1 0
github.com/khulnasoft-lab/ebpfgo/map.go:195.19,196.16 1 0
github.com/khulnasoft-lab/ebpfgo/map.go:197.20,198.17 1 0
github.com/khulnasoft-lab/ebpfgo/map.go:199.24,200.29 1 0
github.com/khulnasoft-lab/ebpfgo/map.go:201.29,202.23 1 0
github.com/khulnasoft-lab/ebpfgo/map.go:203.25,204.24 1 0
github.com/khulnasoft-lab/ebpfgo/map.go:205.26,206.25 1 0
github.com/khulnasoft-lab/ebpfgo/map.go:207.25,208.23 1 0
github.com/khulnasoft-lab/ebpfgo/map.go:209.26,210.24 1 0
github.com/khulnasoft-lab/ebpfgo/map.go:211.22,212.20 1 0
github.com/khulnasoft-lab/ebpfgo/map.go:213.28,214.28 1 0
github.com/khulnasoft-lab/ebpfgo/map.go:215.22,216.37 1 0
github.com/khulnasoft-lab/ebpfgo/map.go:217.26,218.25 1 0
github.com/khulnasoft-lab/ebpfgo/map.go:219.25,220.24 1 0
github.com/khulnasoft-lab/ebpfgo/map.go:221.21,222.22 1 0
github.com/khulnasoft-lab/ebpfgo/map.go:223.22,224.22 1 0
github.com/khulnasoft-lab/ebpfgo/map.go:225.21,226.19 1 0
github.com/khulnasoft-lab/ebpfgo/map.go:227.21,228.29 1 0
github.com/khulnasoft-lab/ebpfgo/map.go:229.23,230.23 1 0
github.com/khulnasoft-lab/ebpfgo/map.go:231.28,232.26 1 0
github.com/khulnasoft-lab/ebpfgo/map.go:233.33,234.34 1 0
github.com/khulnasoft-lab/ebpfgo/map.go:235.34,236.34 1 0
github.com/khulnasoft-lab/ebpfgo/map.go:237.20,238.17 1 0
github.com/khulnasoft-lab/ebpfgo/map.go:239.20,240.17 1 0
github.com/khulnasoft-lab/ebpfgo/map.go:241.24,242.26 1 0
github.com/khulnasoft-lab/ebpfgo/map.go:245.2,245.18 1 0
github.com/khulnasoft-lab/ebpfgo/map.go:282.44,285.30 2 7
github.com/khulnasoft-lab/ebpfgo/map.go:285.30,287.3 1 5
github.com/khulnasoft-lab/ebpfgo/map.go:287.8,288.31 1 2
github.com/khulnasoft-lab/ebpfgo/map.go:288.31,291.4 1 1
github.com/khulnasoft-lab/ebpfgo/map.go:291.9,294.4 1 1
github.com/khulnasoft-lab/ebpfgo/map.go:296.2,296.14 1 7
github.com/khulnasoft-lab/ebpfgo/map.go:310.58,311.35 1 2
github.com/khulnasoft-lab/ebpfgo/map.go:311.35,313.3 1 1
github.com/khulnasoft-lab/ebpfgo/map.go:315.2,325.8 1 1
github.com/khulnasoft-lab/ebpfgo/map.go:331.58,339.15 4 0
github.com/khulnasoft-lab/ebpfgo/map.go:339.15,342.3 1 0
github.com/khulnasoft-lab/ebpfgo/map.go:345.2,355.75 3 0
github.com/khulnasoft-lab/ebpfgo/map.go:355.75,357.3 1 0
github.com/khulnasoft-lab/ebpfgo/map.go:359.2,369.45 2 0
github.com/khulnasoft-lab/ebpfgo/map.go:369.45,371.3 1 0
github.com/khulnasoft-lab/ebpfgo/map.go:373.2,373.15 1 0
github.com/khulnasoft-lab/ebpfgo/map.go:379.58,385.14 3 0
github.com/khulnasoft-lab/ebpfgo/map.go:385.14,388.3 1 0
github.com/khulnasoft-lab/ebpfgo/map.go:390.2,390.43 1 0
github.com/khulnasoft-lab/ebpfgo/map.go:396.65,398.16 2 0
github.com/khulnasoft-lab/ebpfgo/map.go:398.16,400.3 1 0
github.com/khulnasoft-lab/ebpfgo/map.go:401.2,402.16 2 0
github.com/khulnasoft-lab/ebpfgo/map.go:402.16,404.3 1 0
github.com/khulnasoft-lab/ebpfgo/map.go:406.2,407.15 2 0
github.com/khulnasoft-lab/ebpfgo/map.go:411.35,416.2 1 11
github.com/khulnasoft-lab/ebpfgo/map.go:421.44,422.18 1 0
github.com/khulnasoft-lab/ebpfgo/map.go:422.18,424.17 2 0
github.com/khulnasoft-lab/ebpfgo/map.go:424.17,426.4 1 0
github.com/khulnasoft-lab/ebpfgo/map.go:427.3,427.58 1 0
github.com/khulnasoft-lab/ebpfgo/map.go:428.8,430.3 1 0
github.com/khulnasoft-lab/ebpfgo/map.go:431.2,431.12 1 0
github.com/khulnasoft-lab/ebpfgo/map.go:437.34,442.65 2 0
github.com/khulnasoft-lab/ebpfgo/map.go:442.65,445.3 1 0
github.com/khulnasoft-lab/ebpfgo/map.go:448.2,450.35 1 0
github.com/khulnasoft-lab/ebpfgo/map.go:450.35,452.20 1 0
github.com/khulnasoft-lab/ebpfgo/map.go:452.20,454.4 1 0
github.com/khulnasoft-lab/ebpfgo/map.go:456.3,456.21 1 0
github.com/khulnasoft-lab/ebpfgo/map.go:456.21,458.4 1 0
github.com/khulnasoft-lab/ebpfgo/map.go:462.2,462.30 1 0
github.com/khulnasoft-lab/ebpfgo/map.go:462.30,464.3 1 0
github.com/khulnasoft-lab/ebpfgo/map.go:467.2,467.39 1 0
github.com/khulnasoft-lab/ebpfgo/map.go:467.39,469.3 1 0
github.com/khulnasoft-lab/ebpfgo/map.go:470.2,470.19 1 0
github.com/khulnasoft-lab/ebpfgo/map.go:470.19,472.3 1 0
github.com/khulnasoft-lab/ebpfgo/map.go:473.2,473.21 1 0
github.com/khulnasoft-lab/ebpfgo/map.go:473.21,475.3 1 0
github.com/khulnasoft-lab/ebpfgo/map.go:477.2,477.45 1 0
github.com/khulnasoft-lab/ebpfgo/map.go:477.45,479.3 1 0
github.com/khulnasoft-lab/ebpfgo/map.go:482.2,482.15 1 0
github.com/khulnasoft-lab/ebpfgo/map.go:482.15,484.3 1 0
github.com/khulnasoft-lab/ebpfgo/map.go:487.2,492.28 3 0
github.com/khulnasoft-lab/ebpfgo/map.go:492.28,496.18 2 0
github.com/khulnasoft-lab/ebpfgo/map.go:496.18,500.4 2 0
github.com/khulnasoft-lab/ebpfgo/map.go:503.2,515.17 2 0
github.com/khulnasoft-lab/ebpfgo/map.go:515.17,518.3 1 0
github.com/khulnasoft-lab/ebpfgo/map.go:519.2,522.28 2 0
github.com/khulnasoft-lab/ebpfgo/map.go:522.28,524.17 2 0
github.com/khulnasoft-lab/ebpfgo/map.go:524.17,527.19 2 0
github.com/khulnasoft-lab/ebpfgo/map.go:527.19,529.5 1 0
github.com/khulnasoft-lab/ebpfgo/map.go:530.4,530.14 1 0
github.com/khulnasoft-lab/ebpfgo/map.go:534.2,534.12 1 0
github.com/khulnasoft-lab/ebpfgo/map.go:538.33,539.15 1 0
github.com/khulnasoft-lab/ebpfgo/map.go:539.15,541.3 1 0
github.com/khulnasoft-lab/ebpfgo/map.go:542.2,543.16 2 0
github.com/khulnasoft-lab/ebpfgo/map.go:543.16,545.3 1 0
github.com/khulnasoft-lab/ebpfgo/map.go:547.2,548.12 2 0
github.com/khulnasoft-lab/ebpfgo/map.go:559.39,564.2 3 1
github.com/khulnasoft-lab/ebpfgo/map.go:569.60,572.16 2 0
github.com/khulnasoft-lab/ebpfgo/map.go:572.16,574.3 1 0
github.com/khulnasoft-lab/ebpfgo/map.go:576.2,586.15 4 0
github.com/khulnasoft-lab/ebpfgo/map.go:586.15,589.3 1 0
github.com/khulnasoft-lab/ebpfgo/map.go:591.2,591.17 1 0
github.com/khulnasoft-lab/ebpfgo/map.go:596.66,597.18 1 0
github.com/khulnasoft-lab/ebpfgo/map.go:597.18,599.3 1 0
github.com/khulnasoft-lab/ebpfgo/map.go:600.2,601.16 2 0
github.com/khulnasoft-lab/ebpfgo/map.go:601.16,603.3 1 0
github.com/khulnasoft-lab/ebpfgo/map.go:604.2,604.47 1 0
github.com/khulnasoft-lab/ebpfgo/map.go:609.67,618.18 2 11
github.com/khulnasoft-lab/ebpfgo/map.go:618.18,621.63 1 11
github.com/khulnasoft-lab/ebpfgo/map.go:621.63,623.4 1 6
github.com/khulnasoft-lab/ebpfgo/map.go:625.2,625.12 1 11
github.com/khulnasoft-lab/ebpfgo/map.go:630.60,633.2 2 0
github.com/khulnasoft-lab/ebpfgo/map.go:637.66,638.21 1 0
github.com/khulnasoft-lab/ebpfgo/map.go:638.21,640.3 1 0
github.com/khulnasoft-lab/ebpfgo/map.go:641.2,642.16 2 0
github.com/khulnasoft-lab/ebpfgo/map.go:642.16,644.3 1 0
github.com/khulnasoft-lab/ebpfgo/map.go:645.2,645.49 1 0
github.com/khulnasoft-lab/ebpfgo/map.go:649.82,652.99 1 0
github.com/khulnasoft-lab/ebpfgo/map.go:652.99,654.3 1 0
github.com/khulnasoft-lab/ebpfgo/map.go:656.2,657.16 2 0
github.com/khulnasoft-lab/ebpfgo/map.go:657.16,659.3 1 0
github.com/khulnasoft-lab/ebpfgo/map.go:661.2,662.16 2 0
github.com/khulnasoft-lab/ebpfgo/map.go:662.16,664.3 1 0
github.com/khulnasoft-lab/ebpfgo/map.go:666.2,676.15 3 0
github.com/khulnasoft-lab/ebpfgo/map.go:676.15,679.3 1 0
github.com/khulnasoft-lab/ebpfgo/map.go:681.2,681.12 1 0
github.com/khulnasoft-lab/ebpfgo/map.go:687.70,689.2 1 0
github.com/khulnasoft-lab/ebpfgo/map.go:695.70,697.2 1 0
github.com/khulnasoft-lab/ebpfgo/map.go:701.70,703.2 1 0
github.com/khulnasoft-lab/ebpfgo/map.go:707.50,710.16 2 0
github.com/khulnasoft-lab/ebpfgo/map.go:710.16,712.3 1 0
github.com/khulnasoft-lab/ebpfgo/map.go:714.2,722.15 3 0
github.com/khulnasoft-lab/ebpfgo/map.go:722.15,725.3 1 0
github.com/khulnasoft-lab/ebpfgo/map.go:727.2,727.12 1 0
github.com/khulnasoft-lab/ebpfgo/map.go:733.64,736.16 2 0
github.com/khulnasoft-lab/ebpfgo/map.go:736.16,738.3 1 0
github.com/khulnasoft-lab/ebpfgo/map.go:740.2,741.16 2 0
github.com/khulnasoft-lab/ebpfgo/map.go:741.16,743.3 1 0
github.com/khulnasoft-lab/ebpfgo/map.go:745.2,755.15 4 0
github.com/khulnasoft-lab/ebpfgo/map.go:755.15,758.3 1 0
github.com/khulnasoft-lab/ebpfgo/map.go:760.2,760.21 1 0
github.com/khulnasoft-lab/ebpfgo/map.go:765.70,767.16 2 0
github.com/khulnasoft-lab/ebpfgo/map.go:767.16,769.3 1 0
github.com/khulnasoft-lab/ebpfgo/map.go:770.2,770.51 1 0
github.com/khulnasoft-lab/ebpfgo/map.go:775.64,778.2 2 0
github.com/khulnasoft-lab/ebpfgo/map.go:782.70,783.19 1 0
github.com/khulnasoft-lab/ebpfgo/map.go:783.19,785.3 1 0
github.com/khulnasoft-lab/ebpfgo/map.go:786.2,787.16 2 0
github.com/khulnasoft-lab/ebpfgo/map.go:787.16,789.3 1 0
github.com/khulnasoft-lab/ebpfgo/map.go:790.2,790.50 1 0
github.com/khulnasoft-lab/ebpfgo/map.go:794.31,796.2 1 1
github.com/khulnasoft-lab/ebpfgo/map.go:799.36,801.2 1 0
github.com/khulnasoft-lab/ebpfgo/map.go:804.37,806.2 1 0
github.com/khulnasoft-lab/ebpfgo/mmap_ring_buffer.go:77.60,90.2 4 0
github.com/khulnasoft-lab/ebpfgo/mmap_ring_buffer.go:93.48,94.19 1 5
github.com/khulnasoft-lab/ebpfgo/mmap_ring_buffer.go:94.19,96.3 1 0
github.com/khulnasoft-lab/ebpfgo/mmap_ring_buffer.go:98.2,101.44 3 5
github.com/khulnasoft-lab/ebpfgo/mmap_ring_buffer.go:101.44,118.3 3 1
github.com/khulnasoft-lab/ebpfgo/mmap_ring_buffer.go:118.8,124.3 1 4
github.com/khulnasoft-lab/ebpfgo/mmap_ring_buffer.go:127.2,129.12 2 5
github.com/khulnasoft-lab/ebpfgo/mmap_ring_buffer.go:133.39,138.2 1 0
github.com/khulnasoft-lab/ebpfgo/mmap_ring_buffer.go:140.47,144.2 2 0
github.com/khulnasoft-lab/ebpfgo/perf_events.go:77.48,78.42 1 0
github.com/khulnasoft-lab/ebpfgo/perf_events.go:78.42,80.3 1 0
github.com/khulnasoft-lab/ebpfgo/perf_events.go:82.2,85.8 1 0
github.com/khulnasoft-lab/ebpfgo/perf_events.go:92.90,105.35 5 0
github.com/khulnasoft-lab/ebpfgo/perf_events.go:105.35,107.17 2 0
github.com/khulnasoft-lab/ebpfgo/perf_events.go:107.17,109.9 1 0
github.com/khulnasoft-lab/ebpfgo/perf_events.go:111.3,112.17 2 0
github.com/khulnasoft-lab/ebpfgo/perf_events.go:112.17,114.9 1 0
github.com/khulnasoft-lab/ebpfgo/perf_events.go:116.3,117.29 2 0
github.com/khulnasoft-lab/ebpfgo/perf_events.go:120.2,120.16 1 0
github.com/khulnasoft-lab/ebpfgo/perf_events.go:120.16,121.39 1 0
github.com/khulnasoft-lab/ebpfgo/perf_events.go:121.39,122.22 1 0
github.com/khulnasoft-lab/ebpfgo/perf_events.go:122.22,124.5 1 0
github.com/khulnasoft-lab/ebpfgo/perf_events.go:126.3,126.18 1 0
github.com/khulnasoft-lab/ebpfgo/perf_events.go:129.2,130.31 2 0
github.com/khulnasoft-lab/ebpfgo/perf_events.go:134.30,144.38 5 0
github.com/khulnasoft-lab/ebpfgo/perf_events.go:144.38,146.3 1 0
github.com/khulnasoft-lab/ebpfgo/perf_events.go:149.35,155.2 4 0
github.com/khulnasoft-lab/ebpfgo/perf_events.go:157.30,160.38 2 0
github.com/khulnasoft-lab/ebpfgo/perf_events.go:160.38,162.3 1 0
github.com/khulnasoft-lab/ebpfgo/perf_events.go:165.2,166.15 2 0
github.com/khulnasoft-lab/ebpfgo/perf_events.go:166.15,168.3 1 0
github.com/khulnasoft-lab/ebpfgo/perf_events.go:171.2,171.6 1 0
github.com/khulnasoft-lab/ebpfgo/perf_events.go:171.6,172.10 1 0
github.com/khulnasoft-lab/ebpfgo/perf_events.go:173.34,174.11 1 0
github.com/khulnasoft-lab/ebpfgo/perf_events.go:174.11,176.5 1 0
github.com/khulnasoft-lab/ebpfgo/perf_events.go:178.4,178.31 1 0
github.com/khulnasoft-lab/ebpfgo/perf_events.go:180.25,181.10 1 0
github.com/khulnasoft-lab/ebpfgo/perf_events.go:186.66,188.41 1 0
github.com/khulnasoft-lab/ebpfgo/perf_events.go:188.41,202.22 5 0
github.com/khulnasoft-lab/ebpfgo/perf_events.go:203.29,214.23 3 0
github.com/khulnasoft-lab/ebpfgo/perf_events.go:216.27,222.35 4 0
github.com/khulnasoft-lab/ebpfgo/perf_events.go:224.11,225.25 1 0
github.com/khulnasoft-lab/ebpfgo/perf_events.go:231.2,231.33 1 0
github.com/khulnasoft-lab/ebpfgo/perf_events_handler.go:97.83,110.20 4 0
github.com/khulnasoft-lab/ebpfgo/perf_events_handler.go:110.20,113.3 1 0
github.com/khulnasoft-lab/ebpfgo/perf_events_handler.go:116.2,121.22 2 0
github.com/khulnasoft-lab/ebpfgo/perf_events_handler.go:121.22,126.3 3 0
github.com/khulnasoft-lab/ebpfgo/perf_events_handler.go:127.2,129.17 2 0
github.com/khulnasoft-lab/ebpfgo/perf_events_handler.go:133.44,140.13 3 0
github.com/khulnasoft-lab/ebpfgo/perf_events_handler.go:140.13,143.3 1 0
github.com/khulnasoft-lab/ebpfgo/perf_events_handler.go:145.2,145.12 1 0
github.com/khulnasoft-lab/ebpfgo/perf_events_handler.go:149.39,150.18 1 0
github.com/khulnasoft-lab/ebpfgo/perf_events_handler.go:150.18,153.3 2 0
github.com/khulnasoft-lab/ebpfgo/perf_events_handler.go:159.39,162.21 2 0
github.com/khulnasoft-lab/ebpfgo/perf_events_handler.go:162.21,165.3 2 0
github.com/khulnasoft-lab/ebpfgo/perf_events_handler.go:167.2,167.18 1 0
github.com/khulnasoft-lab/ebpfgo/perf_events_handler.go:167.18,170.3 2 0
github.com/khulnasoft-lab/ebpfgo/perf_events_handler.go:176.38,182.2 3 4
github.com/khulnasoft-lab/ebpfgo/perf_events_poller.go:62.44,66.2 1 0
github.com/khulnasoft-lab/ebpfgo/perf_events_poller.go:68.58,70.2 1 0
github.com/khulnasoft-lab/ebpfgo/perf_events_poller.go:72.73,76.26 3 0
github.com/khulnasoft-lab/ebpfgo/perf_events_poller.go:76.26,79.3 2 0
github.com/khulnasoft-lab/ebpfgo/perf_events_poller.go:82.2,89.24 6 0
github.com/khulnasoft-lab/ebpfgo/perf_events_poller.go:92.34,97.2 3 0
github.com/khulnasoft-lab/ebpfgo/perf_events_poller.go:99.34,102.6 2 0
github.com/khulnasoft-lab/ebpfgo/perf_events_poller.go:102.6,104.10 1 0
github.com/khulnasoft-lab/ebpfgo/perf_events_poller.go:105.24,106.10 1 0
github.com/khulnasoft-lab/ebpfgo/perf_events_poller.go:107.11,108.9 1 0
github.com/khulnasoft-lab/ebpfgo/perf_events_poller.go:112.3,119.33 2 0
github.com/khulnasoft-lab/ebpfgo/perf_events_poller.go:119.33,120.11 1 0
github.com/khulnasoft-lab/ebpfgo/perf_events_poller.go:121.51,121.51 0 0
github.com/khulnasoft-lab/ebpfgo/perf_events_poller.go:123.25,124.11 1 0
github.com/khulnasoft-lab/ebpfgo/program_base.go:76.38,77.11 1 0
github.com/khulnasoft-lab/ebpfgo/program_base.go:78.31,79.24 1 0
github.com/khulnasoft-lab/ebpfgo/program_base.go:80.25,81.18 1 0
github.com/khulnasoft-lab/ebpfgo/program_base.go:82.27,83.20 1 0
github.com/khulnasoft-lab/ebpfgo/program_base.go:84.27,85.20 1 0
github.com/khulnasoft-lab/ebpfgo/program_base.go:86.29,87.22 1 0
github.com/khulnasoft-lab/ebpfgo/program_base.go:88.22,89.15 1 0
github.com/khulnasoft-lab/ebpfgo/program_base.go:90.28,91.21 1 0
github.com/khulnasoft-lab/ebpfgo/program_base.go:92.28,93.21 1 0
github.com/khulnasoft-lab/ebpfgo/program_base.go:94.29,95.22 1 0
github.com/khulnasoft-lab/ebpfgo/program_base.go:96.24,97.17 1 0
github.com/khulnasoft-lab/ebpfgo/program_base.go:98.25,99.18 1 0
github.com/khulnasoft-lab/ebpfgo/program_base.go:100.26,101.19 1 0
github.com/khulnasoft-lab/ebpfgo/program_base.go:102.26,103.19 1 0
github.com/khulnasoft-lab/ebpfgo/program_base.go:106.2,106.18 1 0
github.com/khulnasoft-lab/ebpfgo/program_base.go:121.39,124.42 1 0
github.com/khulnasoft-lab/ebpfgo/program_base.go:124.42,126.3 1 0
github.com/khulnasoft-lab/ebpfgo/program_base.go:129.2,146.15 7 0
github.com/khulnasoft-lab/ebpfgo/program_base.go:146.15,149.3 1 0
github.com/khulnasoft-lab/ebpfgo/program_base.go:150.2,152.12 2 0
github.com/khulnasoft-lab/ebpfgo/program_base.go:156.40,157.18 1 0
github.com/khulnasoft-lab/ebpfgo/program_base.go:157.18,159.3 1 0
github.com/khulnasoft-lab/ebpfgo/program_base.go:160.2,161.16 2 0
github.com/khulnasoft-lab/ebpfgo/program_base.go:161.16,163.3 1 0
github.com/khulnasoft-lab/ebpfgo/program_base.go:165.2,166.12 2 0
github.com/khulnasoft-lab/ebpfgo/program_base.go:172.49,174.2 1 0
github.com/khulnasoft-lab/ebpfgo/program_base.go:177.43,179.2 1 0
github.com/khulnasoft-lab/ebpfgo/program_base.go:182.46,184.2 1 0
github.com/khulnasoft-lab/ebpfgo/program_base.go:187.48,189.2 1 0
github.com/khulnasoft-lab/ebpfgo/program_base.go:192.38,194.2 1 0
github.com/khulnasoft-lab/ebpfgo/program_base.go:197.40,199.2 1 0
github.com/khulnasoft-lab/ebpfgo/program_base.go:202.46,204.2 1 0
github.com/khulnasoft-lab/ebpfgo/program_kprobe.go:94.43,95.11 1 0
github.com/khulnasoft-lab/ebpfgo/program_kprobe.go:96.30,97.13 1 0
github.com/khulnasoft-lab/ebpfgo/program_kprobe.go:98.10,99.14 1 0
github.com/khulnasoft-lab/ebpfgo/program_kprobe.go:100.29,101.13 1 0
github.com/khulnasoft-lab/ebpfgo/program_kprobe.go:106.43,107.11 1 0
github.com/khulnasoft-lab/ebpfgo/program_kprobe.go:108.29,109.18 1 0
github.com/khulnasoft-lab/ebpfgo/program_kprobe.go:110.30,111.21 1 0
github.com/khulnasoft-lab/ebpfgo/program_kprobe.go:112.10,113.19 1 0
github.com/khulnasoft-lab/ebpfgo/program_kprobe.go:123.75,125.30 1 0
github.com/khulnasoft-lab/ebpfgo/program_kprobe.go:125.30,128.3 2 0
github.com/khulnasoft-lab/ebpfgo/program_kprobe.go:131.2,133.21 3 0
github.com/khulnasoft-lab/ebpfgo/program_kprobe.go:133.21,136.3 2 0
github.com/khulnasoft-lab/ebpfgo/program_kprobe.go:139.2,145.3 3 0
github.com/khulnasoft-lab/ebpfgo/program_kprobe.go:149.47,151.2 1 0
github.com/khulnasoft-lab/ebpfgo/program_kprobe.go:154.50,156.2 1 0
github.com/khulnasoft-lab/ebpfgo/program_kprobe.go:166.56,169.26 1 0
github.com/khulnasoft-lab/ebpfgo/program_kprobe.go:170.14,171.17 1 0
github.com/khulnasoft-lab/ebpfgo/program_kprobe.go:171.17,173.4 1 0
github.com/khulnasoft-lab/ebpfgo/program_kprobe.go:177.2,177.51 1 0
github.com/khulnasoft-lab/ebpfgo/program_kprobe.go:177.51,179.3 1 0
github.com/khulnasoft-lab/ebpfgo/program_kprobe.go:182.2,182.42 1 0
github.com/khulnasoft-lab/ebpfgo/program_kprobe.go:182.42,184.3 1 0
github.com/khulnasoft-lab/ebpfgo/program_kprobe.go:186.2,186.12 1 0
github.com/khulnasoft-lab/ebpfgo/program_kprobe.go:191.40,194.2 2 0
github.com/khulnasoft-lab/ebpfgo/program_kprobe.go:209.65,218.2 2 0
github.com/khulnasoft-lab/ebpfgo/program_kprobe.go:221.48,223.2 1 0
github.com/khulnasoft-lab/ebpfgo/program_kprobe.go:229.33,231.44 2 0
github.com/khulnasoft-lab/ebpfgo/program_kprobe.go:231.44,233.3 1 0
github.com/khulnasoft-lab/ebpfgo/program_kprobe.go:234.2,234.86 1 0
github.com/khulnasoft-lab/ebpfgo/program_kprobe.go:238.30,240.2 1 0
github.com/khulnasoft-lab/ebpfgo/program_kprobe.go:243.39,247.16 2 0
github.com/khulnasoft-lab/ebpfgo/program_kprobe.go:247.16,249.3 1 0
github.com/khulnasoft-lab/ebpfgo/program_kprobe.go:252.2,253.16 2 0
github.com/khulnasoft-lab/ebpfgo/program_kprobe.go:253.16,255.3 1 0
github.com/khulnasoft-lab/ebpfgo/program_kprobe.go:257.2,257.16 1 0
github.com/khulnasoft-lab/ebpfgo/program_kprobe.go:261.43,264.16 2 0
github.com/khulnasoft-lab/ebpfgo/program_kprobe.go:264.16,266.3 1 0
github.com/khulnasoft-lab/ebpfgo/program_kprobe.go:268.2,268.26 1 0
github.com/khulnasoft-lab/ebpfgo/program_kprobe.go:272.44,275.16 2 0
github.com/khulnasoft-lab/ebpfgo/program_kprobe.go:275.16,277.3 1 0
github.com/khulnasoft-lab/ebpfgo/program_kprobe.go:279.2,280.16 2 0
github.com/khulnasoft-lab/ebpfgo/program_kprobe.go:280.16,282.3 1 0
github.com/khulnasoft-lab/ebpfgo/program_kprobe.go:284.2,284.21 1 0
github.com/khulnasoft-lab/ebpfgo/program_kprobe.go:288.33,293.16 4 0
github.com/khulnasoft-lab/ebpfgo/program_kprobe.go:293.16,295.3 1 0
github.com/khulnasoft-lab/ebpfgo/program_kprobe.go:296.2,299.16 3 0
github.com/khulnasoft-lab/ebpfgo/program_kprobe.go:299.16,301.3 1 0
github.com/khulnasoft-lab/ebpfgo/program_kprobe.go:303.2,303.12 1 0
github.com/khulnasoft-lab/ebpfgo/program_kprobe.go:307.34,312.16 4 0
github.com/khulnasoft-lab/ebpfgo/program_kprobe.go:312.16,314.3 1 0
github.com/khulnasoft-lab/ebpfgo/program_kprobe.go:315.2,318.16 3 0
github.com/khulnasoft-lab/ebpfgo/program_kprobe.go:318.16,320.3 1 0
github.com/khulnasoft-lab/ebpfgo/program_kprobe.go:322.2,322.12 1 0
github.com/khulnasoft-lab/ebpfgo/program_kprobe.go:325.43,330.16 4 0
github.com/khulnasoft-lab/ebpfgo/program_kprobe.go:330.16,332.3 1 0
github.com/khulnasoft-lab/ebpfgo/program_kprobe.go:333.2,344.41 5 0
github.com/khulnasoft-lab/ebpfgo/program_kprobe.go:344.41,346.33 2 0
github.com/khulnasoft-lab/ebpfgo/program_kprobe.go:346.33,348.4 1 0
github.com/khulnasoft-lab/ebpfgo/program_kprobe.go:349.8,351.3 1 0
github.com/khulnasoft-lab/ebpfgo/program_kprobe.go:353.2,353.28 1 0
github.com/khulnasoft-lab/ebpfgo/program_kprobe.go:353.28,356.17 3 0
github.com/khulnasoft-lab/ebpfgo/program_kprobe.go:356.17,357.12 1 0
github.com/khulnasoft-lab/ebpfgo/program_kprobe.go:359.3,359.8 1 0
github.com/khulnasoft-lab/ebpfgo/program_kprobe.go:361.2,361.16 1 0
github.com/khulnasoft-lab/ebpfgo/program_kprobe.go:361.16,363.3 1 0
github.com/khulnasoft-lab/ebpfgo/program_kprobe.go:364.2,367.16 3 0
github.com/khulnasoft-lab/ebpfgo/program_kprobe.go:367.16,369.3 1 0
github.com/khulnasoft-lab/ebpfgo/program_kprobe.go:371.2,372.14 2 0
github.com/khulnasoft-lab/ebpfgo/program_kprobe.go:372.14,374.3 1 0
github.com/khulnasoft-lab/ebpfgo/program_kprobe.go:376.2,376.12 1 0
github.com/khulnasoft-lab/ebpfgo/program_kprobe.go:379.33,383.15 3 0
github.com/khulnasoft-lab/ebpfgo/program_kprobe.go:383.15,385.3 1 0
github.com/khulnasoft-lab/ebpfgo/program_kprobe.go:386.2,387.16 2 0
github.com/khulnasoft-lab/ebpfgo/program_kprobe.go:387.16,389.3 1 0
github.com/khulnasoft-lab/ebpfgo/program_kprobe.go:390.2,393.16 3 0
github.com/khulnasoft-lab/ebpfgo/program_kprobe.go:393.16,395.3 1 0
github.com/khulnasoft-lab/ebpfgo/program_kprobe.go:396.2,399.16 3 0
github.com/khulnasoft-lab/ebpfgo/program_kprobe.go:399.16,401.3 1 0
github.com/khulnasoft-lab/ebpfgo/program_kprobe.go:403.2,403.12 1 0
github.com/khulnasoft-lab/ebpfgo/program_kprobe.go:407.37,409.16 2 0
github.com/khulnasoft-lab/ebpfgo/program_kprobe.go:409.16,411.3 1 0
github.com/khulnasoft-lab/ebpfgo/program_kprobe.go:412.2,412.47 1 0
github.com/khulnasoft-lab/ebpfgo/program_kprobe.go:416.28,419.16 2 0
github.com/khulnasoft-lab/ebpfgo/program_kprobe.go:419.16,421.3 1 0
github.com/khulnasoft-lab/ebpfgo/program_kprobe.go:423.2,426.27 3 0
github.com/khulnasoft-lab/ebpfgo/program_kprobe.go:426.27,427.14 1 0
github.com/khulnasoft-lab/ebpfgo/program_kprobe.go:427.14,431.42 4 0
github.com/khulnasoft-lab/ebpfgo/program_kprobe.go:431.42,434.19 2 0
github.com/khulnasoft-lab/ebpfgo/program_kprobe.go:434.19,436.6 1 0
github.com/khulnasoft-lab/ebpfgo/program_kprobe.go:437.5,440.19 3 0
github.com/khulnasoft-lab/ebpfgo/program_kprobe.go:440.19,442.6 1 0
github.com/khulnasoft-lab/ebpfgo/program_kprobe.go:446.2,446.12 1 0
github.com/khulnasoft-lab/ebpfgo/program_socket_filter.go:40.45,41.11 1 0
github.com/khulnasoft-lab/ebpfgo/program_socket_filter.go:42.24,43.16 1 0
github.com/khulnasoft-lab/ebpfgo/program_socket_filter.go:44.25,45.17 1 0
github.com/khulnasoft-lab/ebpfgo/program_socket_filter.go:48.2,48.18 1 0
github.com/khulnasoft-lab/ebpfgo/program_socket_filter.go:51.49,52.11 1 0
github.com/khulnasoft-lab/ebpfgo/program_socket_filter.go:53.30,54.28 1 0
github.com/khulnasoft-lab/ebpfgo/program_socket_filter.go:55.33,56.31 1 0
github.com/khulnasoft-lab/ebpfgo/program_socket_filter.go:59.2,59.18 1 0
github.com/khulnasoft-lab/ebpfgo/program_socket_filter.go:68.53,73.2 2 0
github.com/khulnasoft-lab/ebpfgo/program_socket_filter.go:75.62,77.9 2 0
github.com/khulnasoft-lab/ebpfgo/program_socket_filter.go:77.9,79.3 1 0
github.com/khulnasoft-lab/ebpfgo/program_socket_filter.go:80.2,83.16 3 0
github.com/khulnasoft-lab/ebpfgo/program_socket_filter.go:83.16,85.3 1 0
github.com/khulnasoft-lab/ebpfgo/program_socket_filter.go:87.2,87.12 1 0
github.com/khulnasoft-lab/ebpfgo/program_socket_filter.go:90.46,92.16 2 0
github.com/khulnasoft-lab/ebpfgo/program_socket_filter.go:92.16,94.3 1 0
github.com/khulnasoft-lab/ebpfgo/program_socket_filter.go:96.2,96.12 1 0
github.com/khulnasoft-lab/ebpfgo/program_tc.go:86.40,87.11 1 0
github.com/khulnasoft-lab/ebpfgo/program_tc.go:88.24,89.18 1 0
github.com/khulnasoft-lab/ebpfgo/program_tc.go:90.24,91.18 1 0
github.com/khulnasoft-lab/ebpfgo/program_tc.go:92.10,93.22 1 0
github.com/khulnasoft-lab/ebpfgo/program_tc.go:97.51,103.2 2 0
github.com/khulnasoft-lab/ebpfgo/program_tc.go:105.51,111.2 2 0
github.com/khulnasoft-lab/ebpfgo/program_tc.go:113.42,114.11 1 0
github.com/khulnasoft-lab/ebpfgo/program_tc.go:115.26,116.19 1 0
github.com/khulnasoft-lab/ebpfgo/program_tc.go:117.25,118.18 1 0
github.com/khulnasoft-lab/ebpfgo/program_tc.go:119.10,120.19 1 0
github.com/khulnasoft-lab/ebpfgo/program_tc.go:126.42,127.11 1 0
github.com/khulnasoft-lab/ebpfgo/program_tc.go:128.26,129.36 1 0
github.com/khulnasoft-lab/ebpfgo/program_tc.go:130.25,131.35 1 0
github.com/khulnasoft-lab/ebpfgo/program_tc.go:132.10,133.44 1 0
github.com/khulnasoft-lab/ebpfgo/program_tc.go:139.52,141.9 2 0
github.com/khulnasoft-lab/ebpfgo/program_tc.go:141.9,143.3 1 0
github.com/khulnasoft-lab/ebpfgo/program_tc.go:146.2,146.19 1 0
github.com/khulnasoft-lab/ebpfgo/program_tc.go:146.19,148.3 1 0
github.com/khulnasoft-lab/ebpfgo/program_tc.go:151.2,152.16 2 0
github.com/khulnasoft-lab/ebpfgo/program_tc.go:152.16,154.3 1 0
github.com/khulnasoft-lab/ebpfgo/program_tc.go:157.2,160.23 3 0
github.com/khulnasoft-lab/ebpfgo/program_tc.go:161.27,169.17 2 0
github.com/khulnasoft-lab/ebpfgo/program_tc.go:169.17,171.4 1 0
github.com/khulnasoft-lab/ebpfgo/program_tc.go:173.3,173.61 1 0
github.com/khulnasoft-lab/ebpfgo/program_tc.go:173.61,176.28 1 0
github.com/khulnasoft-lab/ebpfgo/program_tc.go:176.28,179.5 1 0
github.com/khulnasoft-lab/ebpfgo/program_tc.go:182.4,182.56 1 0
github.com/khulnasoft-lab/ebpfgo/program_tc.go:182.56,184.5 1 0
github.com/khulnasoft-lab/ebpfgo/program_tc.go:187.4,187.22 1 0
github.com/khulnasoft-lab/ebpfgo/program_tc.go:190.3,190.26 1 0
github.com/khulnasoft-lab/ebpfgo/program_tc.go:190.26,193.50 1 0
github.com/khulnasoft-lab/ebpfgo/program_tc.go:193.50,195.5 1 0
github.com/khulnasoft-lab/ebpfgo/program_tc.go:199.3,200.17 2 0
github.com/khulnasoft-lab/ebpfgo/program_tc.go:200.17,202.4 1 0
github.com/khulnasoft-lab/ebpfgo/program_tc.go:204.3,204.8 1 0
github.com/khulnasoft-lab/ebpfgo/program_tc.go:206.27,209.82 1 0
github.com/khulnasoft-lab/ebpfgo/program_tc.go:212.2,212.12 1 0
github.com/khulnasoft-lab/ebpfgo/program_tc.go:216.36,217.19 1 0
github.com/khulnasoft-lab/ebpfgo/program_tc.go:217.19,219.3 1 0
github.com/khulnasoft-lab/ebpfgo/program_tc.go:221.2,221.23 1 0
github.com/khulnasoft-lab/ebpfgo/program_tc.go:222.27,224.17 2 0
github.com/khulnasoft-lab/ebpfgo/program_tc.go:224.17,226.4 1 0
github.com/khulnasoft-lab/ebpfgo/program_tc.go:229.3,229.8 1 0
github.com/khulnasoft-lab/ebpfgo/program_tc.go:230.27,231.82 1 0
github.com/khulnasoft-lab/ebpfgo/program_tc.go:234.2,237.12 3 0
github.com/khulnasoft-lab/ebpfgo/program_tc.go:243.59,244.19 1 0
github.com/khulnasoft-lab/ebpfgo/program_tc.go:244.19,246.3 1 0
github.com/khulnasoft-lab/ebpfgo/program_tc.go:248.2,254.16 5 0
github.com/khulnasoft-lab/ebpfgo/program_tc.go:254.16,256.3 1 0
github.com/khulnasoft-lab/ebpfgo/program_tc.go:258.2,258.33 1 0
github.com/khulnasoft-lab/ebpfgo/program_tc.go:258.33,260.3 1 0
github.com/khulnasoft-lab/ebpfgo/program_tc.go:262.2,262.6 1 0
github.com/khulnasoft-lab/ebpfgo/program_tc.go:262.6,263.36 1 0
github.com/khulnasoft-lab/ebpfgo/program_tc.go:263.36,265.4 1 0
github.com/khulnasoft-lab/ebpfgo/program_tc.go:266.3,266.14 1 0
github.com/khulnasoft-lab/ebpfgo/program_tc.go:273.63,280.16 3 0
github.com/khulnasoft-lab/ebpfgo/program_tc.go:280.16,283.3 1 0
github.com/khulnasoft-lab/ebpfgo/program_tc.go:286.2,300.49 2 0
github.com/khulnasoft-lab/ebpfgo/program_tc.go:300.49,302.3 1 0
github.com/khulnasoft-lab/ebpfgo/program_tc.go:305.2,307.12 2 0
github.com/khulnasoft-lab/ebpfgo/program_tc.go:311.45,313.36 1 0
github.com/khulnasoft-lab/ebpfgo/program_tc.go:313.36,315.3 1 0
github.com/khulnasoft-lab/ebpfgo/program_tc.go:318.2,320.16 3 0
github.com/khulnasoft-lab/ebpfgo/program_tc.go:320.16,322.3 1 0
github.com/khulnasoft-lab/ebpfgo/program_tc.go:324.2,324.33 1 0
github.com/khulnasoft-lab/ebpfgo/program_tc.go:324.33,326.40 1 0
github.com/khulnasoft-lab/ebpfgo/program_tc.go:326.40,328.18 2 0
github.com/khulnasoft-lab/ebpfgo/program_tc.go:328.18,330.5 1 0
github.com/khulnasoft-lab/ebpfgo/program_tc.go:333.4,335.14 3 0
github.com/khulnasoft-lab/ebpfgo/program_tc.go:339.2,339.79 1 0
github.com/khulnasoft-lab/ebpfgo/program_tc.go:343.64,345.16 2 0
github.com/khulnasoft-lab/ebpfgo/program_tc.go:345.16,347.3 1 0
github.com/khulnasoft-lab/ebpfgo/program_tc.go:349.2,349.31 1 0
github.com/khulnasoft-lab/ebpfgo/program_tc.go:349.31,351.44 2 0
github.com/khulnasoft-lab/ebpfgo/program_tc.go:351.44,352.12 1 0
github.com/khulnasoft-lab/ebpfgo/program_tc.go:354.3,354.76 1 0
github.com/khulnasoft-lab/ebpfgo/program_tc.go:354.76,356.4 1 0
github.com/khulnasoft-lab/ebpfgo/program_tc.go:359.2,359.17 1 0
github.com/khulnasoft-lab/ebpfgo/program_tc.go:363.50,374.54 3 0
github.com/khulnasoft-lab/ebpfgo/program_tc.go:374.54,376.3 1 0
github.com/khulnasoft-lab/ebpfgo/program_tc.go:378.2,378.12 1 0
github.com/khulnasoft-lab/ebpfgo/program_xdp.go:51.36,52.11 1 0
github.com/khulnasoft-lab/ebpfgo/program_xdp.go:53.18,54.23 1 0
github.com/khulnasoft-lab/ebpfgo/program_xdp.go:55.15,56.20 1 0
github.com/khulnasoft-lab/ebpfgo/program_xdp.go:57.15,58.20 1 0
github.com/khulnasoft-lab/ebpfgo/program_xdp.go:59.13,60.18 1 0
github.com/khulnasoft-lab/ebpfgo/program_xdp.go:61.19,62.24 1 0
github.com/khulnasoft-lab/ebpfgo/program_xdp.go:65.2,65.18 1 0
github.com/khulnasoft-lab/ebpfgo/program_xdp.go:77.44,82.2 2 0
github.com/khulnasoft-lab/ebpfgo/program_xdp.go:94.53,98.26 3 0
github.com/khulnasoft-lab/ebpfgo/program_xdp.go:99.14,100.16 1 0
github.com/khulnasoft-lab/ebpfgo/program_xdp.go:101.24,103.22 2 0
github.com/khulnasoft-lab/ebpfgo/program_xdp.go:104.10,105.62 1 0
github.com/khulnasoft-lab/ebpfgo/program_xdp.go:109.2,110.16 2 0
github.com/khulnasoft-lab/ebpfgo/program_xdp.go:110.16,113.3 1 0
github.com/khulnasoft-lab/ebpfgo/program_xdp.go:116.2,116.83 1 0
github.com/khulnasoft-lab/ebpfgo/program_xdp.go:116.83,118.3 1 0
github.com/khulnasoft-lab/ebpfgo/program_xdp.go:120.2,123.12 3 0
github.com/khulnasoft-lab/ebpfgo/program_xdp.go:128.37,129.20 1 0
github.com/khulnasoft-lab/ebpfgo/program_xdp.go:129.20,131.3 1 0
github.com/khulnasoft-lab/ebpfgo/program_xdp.go:133.2,134.16 2 0
github.com/khulnasoft-lab/ebpfgo/program_xdp.go:134.16,137.3 1 0
github.com/khulnasoft-lab/ebpfgo/program_xdp.go:140.2,140.77 1 0
github.com/khulnasoft-lab/ebpfgo/program_xdp.go:140.77,142.3 1 0
github.com/khulnasoft-lab/ebpfgo/program_xdp.go:143.2,145.12 2 0
github.com/khulnasoft-lab/ebpfgo/utils.go:161.54,164.27 2 5
github.com/khulnasoft-lab/ebpfgo/utils.go:164.27,165.14 1 29
github.com/khulnasoft-lab/ebpfgo/utils.go:165.14,167.9 2 4
github.com/khulnasoft-lab/ebpfgo/utils.go:170.2,170.27 1 5
github.com/khulnasoft-lab/ebpfgo/utils.go:175.55,180.2 3 0
github.com/khulnasoft-lab/ebpfgo/utils.go:180.2,184.16 2 0
github.com/khulnasoft-lab/ebpfgo/utils.go:184.16,187.4 1 0
github.com/khulnasoft-lab/ebpfgo/utils.go:191.2,206.75 3 0
github.com/khulnasoft-lab/ebpfgo/utils.go:206.75,208.3 1 0
github.com/khulnasoft-lab/ebpfgo/utils.go:210.2,211.27 2 0
github.com/khulnasoft-lab/ebpfgo/utils.go:211.27,217.16 3 0
github.com/khulnasoft-lab/ebpfgo/utils.go:217.16,220.4 1 0
github.com/khulnasoft-lab/ebpfgo/utils.go:222.3,222.32 1 0
github.com/khulnasoft-lab/ebpfgo/utils.go:222.32,224.18 2 0
github.com/khulnasoft-lab/ebpfgo/utils.go:224.18,226.5 1 0
github.com/khulnasoft-lab/ebpfgo/utils.go:227.4,227.20 1 0
github.com/khulnasoft-lab/ebpfgo/utils.go:232.2,246.8 3 0
github.com/khulnasoft-lab/ebpfgo/utils.go:251.55,257.14 3 0
github.com/khulnasoft-lab/ebpfgo/utils.go:257.14,260.3 1 0
github.com/khulnasoft-lab/ebpfgo/utils.go:262.2,262.36 1 0
github.com/khulnasoft-lab/ebpfgo/utils.go:267.62,269.16 2 0
github.com/khulnasoft-lab/ebpfgo/utils.go:269.16,271.3 1 0
github.com/khulnasoft-lab/ebpfgo/utils.go:272.2,273.16 2 0
github.com/khulnasoft-lab/ebpfgo/utils.go:273.16,275.3 1 0
github.com/khulnasoft-lab/ebpfgo/utils.go:277.2,277.15 1 0
github.com/khulnasoft-lab/ebpfgo/utils.go:281.43,289.14 5 0
github.com/khulnasoft-lab/ebpfgo/utils.go:289.14,292.3 1 0
github.com/khulnasoft-lab/ebpfgo/utils.go:293.2,293.21 1 0
github.com/khulnasoft-lab/ebpfgo/utils.go:297.44,301.13 4 0
github.com/khulnasoft-lab/ebpfgo/utils.go:301.13,303.3 1 0
github.com/khulnasoft-lab/ebpfgo/utils.go:304.2,304.35 1 0
github.com/khulnasoft-lab/ebpfgo/utils.go:304.35,306.3 1 0
github.com/khulnasoft-lab/ebpfgo/utils.go:307.2,313.15 2 0
github.com/khulnasoft-lab/ebpfgo/utils.go:313.15,316.3 1 0
github.com/khulnasoft-lab/ebpfgo/utils.go:318.2,318.12 1 0
github.com/khulnasoft-lab/ebpfgo/utils.go:322.28,330.15 3 1
github.com/khulnasoft-lab/ebpfgo/utils.go:330.15,333.3 1 1
github.com/khulnasoft-lab/ebpfgo/utils.go:334.2,334.12 1 0
github.com/khulnasoft-lab/ebpfgo/utils.go:338.55,341.36 2 11
github.com/khulnasoft-lab/ebpfgo/utils.go:341.36,343.3 1 1
github.com/khulnasoft-lab/ebpfgo/utils.go:347.2,348.21 2 10
github.com/khulnasoft-lab/ebpfgo/utils.go:348.21,350.3 1 3
github.com/khulnasoft-lab/ebpfgo/utils.go:351.2,352.30 2 7
github.com/khulnasoft-lab/ebpfgo/utils.go:352.30,354.3 1 3
github.com/khulnasoft-lab/ebpfgo/utils.go:355.2,356.16 2 4
github.com/khulnasoft-lab/ebpfgo/utils.go:356.16,358.3 1 0
github.com/khulnasoft-lab/ebpfgo/utils.go:360.2,360.24 1 4
github.com/khulnasoft-lab/ebpfgo/utils.go:365.42,371.32 2 0
github.com/khulnasoft-lab/ebpfgo/utils.go:371.32,374.17 3 0
github.com/khulnasoft-lab/ebpfgo/utils.go:374.17,376.4 1 0
github.com/khulnasoft-lab/ebpfgo/utils.go:379.2,379.29 1 0
github.com/khulnasoft-lab/ebpfgo/utils.go:386.61,388.31 2 26
github.com/khulnasoft-lab/ebpfgo/utils.go:388.31,390.3 1 95
github.com/khulnasoft-lab/ebpfgo/utils.go:391.2,391.15 1 26
github.com/khulnasoft-lab/ebpfgo/utils.go:395.66,400.28 3 57
github.com/khulnasoft-lab/ebpfgo/utils.go:401.11,402.18 1 0
github.com/khulnasoft-lab/ebpfgo/utils.go:403.11,406.38 2 16
github.com/khulnasoft-lab/ebpfgo/utils.go:406.38,407.19 1 54
github.com/khulnasoft-lab/ebpfgo/utils.go:407.19,409.5 1 4
github.com/khulnasoft-lab/ebpfgo/utils.go:410.4,411.19 2 50
github.com/khulnasoft-lab/ebpfgo/utils.go:413.13,414.15 1 5
github.com/khulnasoft-lab/ebpfgo/utils.go:414.15,416.4 1 1
github.com/khulnasoft-lab/ebpfgo/utils.go:417.3,417.15 1 4
github.com/khulnasoft-lab/ebpfgo/utils.go:418.14,419.15 1 4
github.com/khulnasoft-lab/ebpfgo/utils.go:419.15,421.4 1 1
github.com/khulnasoft-lab/ebpfgo/utils.go:422.3,422.42 1 3
github.com/khulnasoft-lab/ebpfgo/utils.go:423.14,424.15 1 7
github.com/khulnasoft-lab/ebpfgo/utils.go:424.15,426.4 1 1
github.com/khulnasoft-lab/ebpfgo/utils.go:427.3,427.42 1 6
github.com/khulnasoft-lab/ebpfgo/utils.go:428.13,429.15 1 0
github.com/khulnasoft-lab/ebpfgo/utils.go:429.15,431.4 1 0
github.com/khulnasoft-lab/ebpfgo/utils.go:432.3,432.50 1 0
github.com/khulnasoft-lab/ebpfgo/utils.go:433.14,434.15 1 4
github.com/khulnasoft-lab/ebpfgo/utils.go:434.15,436.4 1 1
github.com/khulnasoft-lab/ebpfgo/utils.go:437.3,437.42 1 3
github.com/khulnasoft-lab/ebpfgo/utils.go:438.14,439.22 1 8
github.com/khulnasoft-lab/ebpfgo/utils.go:439.22,441.4 1 2
github.com/khulnasoft-lab/ebpfgo/utils.go:442.3,442.17 1 6
github.com/khulnasoft-lab/ebpfgo/utils.go:443.14,444.22 1 6
github.com/khulnasoft-lab/ebpfgo/utils.go:444.22,446.4 1 2
github.com/khulnasoft-lab/ebpfgo/utils.go:447.3,447.17 1 4
github.com/khulnasoft-lab/ebpfgo/utils.go:448.18,451.22 2 7
github.com/khulnasoft-lab/ebpfgo/utils.go:451.22,453.4 1 0
github.com/khulnasoft-lab/ebpfgo/utils.go:455.3,460.18 3 7
github.com/khulnasoft-lab/ebpfgo/utils.go:461.10,462.62 1 0
github.com/khulnasoft-lab/ebpfgo/utils.go:465.2,465.17 1 38
github.com/khulnasoft-lab/ebpfgo/utils.go:469.42,474.2 4 0
